<?xml version="1.0" encoding="UTF-8"?>
<testng-results skipped="0" failed="0" total="1" passed="1">
  <reporter-output>
  </reporter-output>
  <suite name="Surefire suite" duration-ms="48" started-at="2018-04-24T09:38:48Z" finished-at="2018-04-24T09:38:48Z">
    <groups>
    </groups>
    <test name="Surefire test" duration-ms="48" started-at="2018-04-24T09:38:48Z" finished-at="2018-04-24T09:38:48Z">
      <class name="test2.maven.jenkins.AppTest">
        <test-method status="PASS" signature="shouldAnswerWithTrue()[pri:0, instance:shouldAnswerWithTrue(test2.maven.jenkins.AppTest)]" name="shouldAnswerWithTrue" duration-ms="3" started-at="2018-04-24T09:38:48Z" finished-at="2018-04-24T09:38:48Z">
        </test-method> <!-- shouldAnswerWithTrue -->
      </class> <!-- test2.maven.jenkins.AppTest -->
    </test> <!-- Surefire test -->
  </suite> <!-- Surefire suite -->
</testng-results>
