<?xml version="1.0" encoding="UTF-8"?>
<testng-results skipped="0" failed="0" total="1" passed="1">
  <reporter-output>
  </reporter-output>
  <suite name="Default suite" duration-ms="44784" started-at="2018-05-03T09:26:39Z" finished-at="2018-05-03T09:27:23Z">
    <groups>
    </groups>
    <test name="Default test" duration-ms="44784" started-at="2018-05-03T09:26:39Z" finished-at="2018-05-03T09:27:23Z">
      <class name="test2.maven.jenkins.jfgl">
        <test-method status="PASS" signature="jf()[pri:0, instance:test2.maven.jenkins.jfgl@1ffcba5]" name="jf" duration-ms="44772" started-at="2018-05-03T09:26:39Z" finished-at="2018-05-03T09:27:23Z">
        </test-method> <!-- jf -->
      </class> <!-- test2.maven.jenkins.jfgl -->
    </test> <!-- Default test -->
  </suite> <!-- Default suite -->
</testng-results>
